TN:
SF:src\modules\tasks\services\CreateTaskService.ts
FN:21,(anonymous_17)
FN:23,CreateTaskService
FN:32,(anonymous_19)
FNF:3
FNH:3
FNDA:3,(anonymous_17)
FNDA:4,CreateTaskService
FNDA:3,(anonymous_19)
DA:1,3
DA:2,3
DA:21,3
DA:25,4
DA:27,4
DA:29,4
DA:32,3
DA:33,3
DA:36,3
DA:37,3
DA:38,0
DA:41,3
DA:42,3
DA:43,3
DA:45,0
DA:48,3
DA:51,3
DA:54,3
LF:18
LH:16
BRDA:33,0,0,3
BRDA:33,0,1,3
BRDA:37,1,0,0
BRDA:37,1,1,3
BRDA:41,2,0,0
BRDA:41,2,1,3
BRDA:45,3,0,0
BRDA:45,3,1,0
BRDA:45,4,0,0
BRDA:45,4,1,0
BRF:10
BRH:4
end_of_record
TN:
SF:src\modules\tasks\services\DeleteTaskService.ts
FN:11,(anonymous_17)
FN:12,DeleteTaskService
FN:19,(anonymous_19)
FNF:3
FNH:3
FNDA:1,(anonymous_17)
FNDA:2,DeleteTaskService
FNDA:2,(anonymous_19)
DA:1,1
DA:11,1
DA:14,2
DA:16,2
DA:19,2
DA:20,2
DA:21,2
DA:22,1
DA:26,1
DA:27,1
DA:28,0
DA:31,2
DA:33,1
LF:13
LH:12
BRDA:20,0,0,2
BRDA:21,1,0,1
BRDA:21,1,1,1
BRDA:27,2,0,0
BRDA:27,2,1,1
BRF:5
BRH:4
end_of_record
TN:
SF:src\modules\tasks\services\FindTasksServices.ts
FN:7,(anonymous_17)
FN:8,FindTasksService
FN:14,(anonymous_19)
FNF:3
FNH:3
FNDA:1,(anonymous_17)
FNDA:1,FindTasksService
FNDA:1,(anonymous_19)
DA:1,1
DA:7,1
DA:10,1
DA:14,1
DA:15,1
DA:18,1
DA:20,1
LF:7
LH:7
BRDA:15,0,0,1
BRF:1
BRH:1
end_of_record
TN:
SF:src\modules\users\services\CreateSessonService.ts
FN:19,(anonymous_18)
FN:20,CreateSessionService
FN:27,(anonymous_20)
FNF:3
FNH:3
FNDA:1,(anonymous_18)
FNDA:3,CreateSessionService
FNDA:3,(anonymous_20)
DA:1,1
DA:2,1
DA:3,1
DA:19,1
DA:22,3
DA:24,3
DA:27,3
DA:28,3
DA:30,3
DA:31,1
DA:34,2
DA:39,2
DA:40,1
DA:43,1
DA:48,1
DA:50,1
DA:52,1
LF:17
LH:17
BRDA:28,0,0,3
BRDA:30,1,0,1
BRDA:30,1,1,2
BRDA:39,2,0,1
BRDA:39,2,1,1
BRF:5
BRH:5
end_of_record
TN:
SF:src\modules\users\services\CreateUserService.ts
FN:12,(anonymous_17)
FN:13,CreateUserService
FN:20,(anonymous_19)
FNF:3
FNH:3
FNDA:2,(anonymous_17)
FNDA:5,CreateUserService
FNDA:5,(anonymous_19)
DA:1,2
DA:12,2
DA:15,5
DA:17,5
DA:20,5
DA:21,5
DA:23,5
DA:24,1
DA:27,4
DA:29,4
DA:35,4
DA:37,2
DA:39,2
LF:13
LH:13
BRDA:21,0,0,5
BRDA:23,1,0,1
BRDA:23,1,1,4
BRF:3
BRH:3
end_of_record
